<?xml version="1.0" encoding="UTF-8"?>
<!-- Generated by org.testng.reporters.JUnitReportReporter -->
<testsuite hostname="juan-asus" failures="0" tests="2" name="com.foro.api.topic.TestTopicRepositoryIT" time="0.529" errors="0" timestamp="15 Nov 2023 19:17:26 GMT">
  <testcase classname="com.foro.api.topic.TestTopicRepositoryIT" name="testListTopics" time="0.215"/>
  <testcase classname="com.foro.api.topic.TestTopicRepositoryIT" name="testTopicCRUD" time="0.314"/>
</testsuite> <!-- com.foro.api.topic.TestTopicRepositoryIT -->
